<?xml version="1.0" encoding="UTF-8"?>
<!-- Generated by org.testng.reporters.JUnitReportReporter -->
<testsuite skipped="0" hostname="DESKTOP-G3K482R" name="scripts.Puma_Test" tests="1" failures="0" timestamp="02 Aug 2019 12:16:54 GMT" time="14.547" errors="0">
  <testcase name="testlogintoPuma" time="14.547" classname="scripts.Puma_Test"/>
</testsuite> <!-- scripts.Puma_Test -->
