<?xml version="1.0" encoding="UTF-8"?>
<!-- Generated by org.testng.reporters.JUnitReportReporter -->
<testsuite skipped="0" hostname="DESKTOP-G3K482R" name="scripts.NewTest" tests="2" failures="0" timestamp="26 Jul 2019 09:54:46 GMT" time="0.032" errors="0">
  <testcase name="f" time="0.016" classname="scripts.NewTest"/>
  <testcase name="f" time="0.016" classname="scripts.NewTest"/>
</testsuite> <!-- scripts.NewTest -->
