<?xml version="1.0" encoding="UTF-8"?>
<!-- Generated by org.testng.reporters.JUnitReportReporter -->
<testsuite skipped="0" hostname="DESKTOP-G3K482R" name="scripts.MultipleData" tests="4" failures="0" timestamp="25 Jul 2019 10:06:32 GMT" time="60.419" errors="0">
  <testcase name="login" time="10.914" classname="scripts.MultipleData"/>
  <testcase name="login" time="20.827" classname="scripts.MultipleData"/>
  <testcase name="login" time="13.019" classname="scripts.MultipleData"/>
  <testcase name="login" time="15.659" classname="scripts.MultipleData"/>
</testsuite> <!-- scripts.MultipleData -->
